mode: set
github.com/duanyespindola/themed-battle-card-game/back-in-go/player/player-main.go:19.37,21.2 1 1
github.com/duanyespindola/themed-battle-card-game/back-in-go/player/player-main.go:23.45,25.2 1 1
github.com/duanyespindola/themed-battle-card-game/back-in-go/player/player-main.go:32.86,34.22 2 1
github.com/duanyespindola/themed-battle-card-game/back-in-go/player/player-main.go:34.22,36.3 1 1
github.com/duanyespindola/themed-battle-card-game/back-in-go/player/player-main.go:36.8,38.3 1 1
github.com/duanyespindola/themed-battle-card-game/back-in-go/player/player-main.go:40.2,41.28 2 1
github.com/duanyespindola/themed-battle-card-game/back-in-go/player/player-main.go:41.28,43.3 1 1
github.com/duanyespindola/themed-battle-card-game/back-in-go/player/player-main.go:43.8,45.3 1 1
github.com/duanyespindola/themed-battle-card-game/back-in-go/player/player-main.go:47.2,50.3 1 1
github.com/duanyespindola/themed-battle-card-game/back-in-go/player/player-main.go:56.45,59.2 2 1
